<?xml version="1.0" encoding="UTF-8"?>
<testng-results skipped="0" failed="0" ignored="0" total="1" passed="1">
  <reporter-output>
    <line>
      <![CDATA[]]>
    </line>
    <line>
      <![CDATA[chrome is Initialised]]>
    </line>
    <line>
      <![CDATA[Successfully opened url 'https://signup.int.staging.insly.training/signup']]>
    </line>
    <line>
      <![CDATA[URL is Verified]]>
    </line>
    <line>
      <![CDATA[Page title  is Verified]]>
    </line>
    <line>
      <![CDATA[ Enter value : ]]>
    </line>
    <line>
      <![CDATA[ Enter value : ]]>
    </line>
    <line>
      <![CDATA[ Enter value : ]]>
    </line>
    <line>
      <![CDATA[ Enter value : ]]>
    </line>
    <line>
      <![CDATA[ Enter value : ]]>
    </line>
    <line>
      <![CDATA[ Enter value : ]]>
    </line>
    <line>
      <![CDATA[Text : You can invite your colleagues from here and they will get their own user access to your Company account - is Verified]]>
    </line>
    <line>
      <![CDATA[All elements on Signup page are Displayed]]>
    </line>
    <line>
      <![CDATA[ Images are equal : true]]>
    </line>
    <line>
      <![CDATA[Driver quit]]>
    </line>
    <line>
      <![CDATA[Duration of Suite is : 41 sec.]]>
    </line>
  </reporter-output>
  <suite name="Default suite" duration-ms="40777" started-at="2019-05-08T07:23:22Z" finished-at="2019-05-08T07:24:03Z">
    <groups>
    </groups>
    <test name="Default test" duration-ms="40777" started-at="2019-05-08T07:23:22Z" finished-at="2019-05-08T07:24:03Z">
      <class name="inslyTests.TC_01_verify_Title_and_Form">
        <test-method status="PASS" signature="beforeSuite()[pri:0, instance:inslyTests.TC_01_verify_Title_and_Form@543c6f6d]" name="beforeSuite" is-config="true" duration-ms="9" started-at="2019-05-08T07:23:22Z" finished-at="2019-05-08T07:23:22Z">
          <reporter-output>
            <line>
              <![CDATA[]]>
            </line>
          </reporter-output>
        </test-method> <!-- beforeSuite -->
        <test-method status="PASS" signature="beforeClass()[pri:0, instance:inslyTests.TC_01_verify_Title_and_Form@543c6f6d]" name="beforeClass" is-config="true" duration-ms="13258" started-at="2019-05-08T07:23:22Z" finished-at="2019-05-08T07:23:35Z">
          <reporter-output>
            <line>
              <![CDATA[chrome is Initialised]]>
            </line>
          </reporter-output>
        </test-method> <!-- beforeClass -->
        <test-method status="PASS" signature="beforeTest()[pri:0, instance:inslyTests.TC_01_verify_Title_and_Form@543c6f6d]" name="beforeTest" is-config="true" duration-ms="18813" started-at="2019-05-08T07:23:35Z" finished-at="2019-05-08T07:23:54Z">
          <reporter-output>
            <line>
              <![CDATA[Successfully opened url 'https://signup.int.staging.insly.training/signup']]>
            </line>
          </reporter-output>
        </test-method> <!-- beforeTest -->
        <test-method status="PASS" signature="TC_01_titleCheck_and_FormVerify()[pri:0, instance:inslyTests.TC_01_verify_Title_and_Form@543c6f6d]" name="TC_01_titleCheck_and_FormVerify" duration-ms="8692" started-at="2019-05-08T07:23:54Z" description="TC01 asserts&#039;Sign up and start using&#039; is showen and the form looks accordig the image 0" finished-at="2019-05-08T07:24:03Z">
          <reporter-output>
            <line>
              <![CDATA[URL is Verified]]>
            </line>
            <line>
              <![CDATA[Page title  is Verified]]>
            </line>
            <line>
              <![CDATA[ Enter value : ]]>
            </line>
            <line>
              <![CDATA[ Enter value : ]]>
            </line>
            <line>
              <![CDATA[ Enter value : ]]>
            </line>
            <line>
              <![CDATA[ Enter value : ]]>
            </line>
            <line>
              <![CDATA[ Enter value : ]]>
            </line>
            <line>
              <![CDATA[ Enter value : ]]>
            </line>
            <line>
              <![CDATA[Text : You can invite your colleagues from here and they will get their own user access to your Company account - is Verified]]>
            </line>
            <line>
              <![CDATA[All elements on Signup page are Displayed]]>
            </line>
            <line>
              <![CDATA[ Images are equal : true]]>
            </line>
          </reporter-output>
        </test-method> <!-- TC_01_titleCheck_and_FormVerify -->
        <test-method status="PASS" signature="afterTest()[pri:0, instance:inslyTests.TC_01_verify_Title_and_Form@543c6f6d]" name="afterTest" is-config="true" duration-ms="0" started-at="2019-05-08T07:24:03Z" finished-at="2019-05-08T07:24:03Z">
          <reporter-output>
          </reporter-output>
        </test-method> <!-- afterTest -->
        <test-method status="PASS" signature="afterSuite()[pri:0, instance:inslyTests.TC_01_verify_Title_and_Form@543c6f6d]" name="afterSuite" is-config="true" duration-ms="917" started-at="2019-05-08T07:24:03Z" finished-at="2019-05-08T07:24:04Z">
          <reporter-output>
            <line>
              <![CDATA[Driver quit]]>
            </line>
            <line>
              <![CDATA[Duration of Suite is : 41 sec.]]>
            </line>
          </reporter-output>
        </test-method> <!-- afterSuite -->
      </class> <!-- inslyTests.TC_01_verify_Title_and_Form -->
    </test> <!-- Default test -->
  </suite> <!-- Default suite -->
</testng-results>
